# JRE version: Java(TM) SE Runtime Environment (8.0_45-b14) (build 1.8.0_45-b14)
# Java VM: Java HotSpot(TM) 64-Bit Server VM (25.45-b02 mixed mode linux-amd64 compressed oops)
Heap:
 PSYoungGen      total 63488K, used 1888K [0x00000000eab00000, 0x00000000eeb00000, 0x0000000100000000)
  eden space 61440K, 0% used [0x00000000eab00000,0x00000000eab00000,0x00000000ee700000)
  from space 2048K, 92% used [0x00000000ee700000,0x00000000ee8d8030,0x00000000ee900000)
  to   space 2048K, 0% used [0x00000000ee900000,0x00000000ee900000,0x00000000eeb00000)
 ParOldGen       total 70144K, used 18243K [0x00000000c0000000, 0x00000000c4480000, 0x00000000eab00000)
  object space 70144K, 26% used [0x00000000c0000000,0x00000000c11d0e38,0x00000000c4480000)
 Metaspace       used 6936K, capacity 7384K, committed 7680K, reserved 1056768K
  class space    used 697K, capacity 720K, committed 768K, reserved 1048576K
GC Heap History (10 events):
Event: 1.758 GC heap after
Heap after GC invocations=1 (full 0):
 PSYoungGen      total 17408K, used 2044K [0x00000000eab00000, 0x00000000ecd00000, 0x0000000100000000)
  eden space 15360K, 0% used [0x00000000eab00000,0x00000000eab00000,0x00000000eba00000)
  from space 2048K, 99% used [0x00000000eba00000,0x00000000ebbff148,0x00000000ebc00000)
  to   space 2048K, 0% used [0x00000000ecb00000,0x00000000ecb00000,0x00000000ecd00000)
 ParOldGen       total 39936K, used 4442K [0x00000000c0000000, 0x00000000c2700000, 0x00000000eab00000)
  object space 39936K, 11% used [0x00000000c0000000,0x00000000c0456a00,0x00000000c2700000)
 Metaspace       used 4906K, capacity 6352K, committed 6528K, reserved 1056768K
  class space    used 495K, capacity 584K, committed 640K, reserved 1048576K
}
Event: 1.904 GC heap before
{Heap before GC invocations=2 (full 0):
 PSYoungGen      total 17408K, used 12572K [0x00000000eab00000, 0x00000000ecd00000, 0x0000000100000000)
  eden space 15360K, 68% used [0x00000000eab00000,0x00000000eb547f50,0x00000000eba00000)
  from space 2048K, 99% used [0x00000000eba00000,0x00000000ebbff148,0x00000000ebc00000)
  to   space 2048K, 0% used [0x00000000ecb00000,0x00000000ecb00000,0x00000000ecd00000)
 ParOldGen       total 39936K, used 4442K [0x00000000c0000000, 0x00000000c2700000, 0x00000000eab00000)
  object space 39936K, 11% used [0x00000000c0000000,0x00000000c0456a00,0x00000000c2700000)
 Metaspace       used 4916K, capacity 6352K, committed 6528K, reserved 1056768K
  class space    used 495K, capacity 584K, committed 640K, reserved 1048576K
Event: 1.910 GC heap after
Heap after GC invocations=2 (full 0):
 PSYoungGen      total 32768K, used 1957K [0x00000000eab00000, 0x00000000ecd00000, 0x0000000100000000)
  eden space 30720K, 0% used [0x00000000eab00000,0x00000000eab00000,0x00000000ec900000)
  from space 2048K, 95% used [0x00000000ecb00000,0x00000000ecce9508,0x00000000ecd00000)
  to   space 2048K, 0% used [0x00000000ec900000,0x00000000ec900000,0x00000000ecb00000)
 ParOldGen       total 39936K, used 8267K [0x00000000c0000000, 0x00000000c2700000, 0x00000000eab00000)
  object space 39936K, 20% used [0x00000000c0000000,0x00000000c0812e28,0x00000000c2700000)
 Metaspace       used 4916K, capacity 6352K, committed 6528K, reserved 1056768K
  class space    used 495K, capacity 584K, committed 640K, reserved 1048576K
}
Event: 2.933 GC heap before
{Heap before GC invocations=3 (full 0):
 PSYoungGen      total 32768K, used 32234K [0x00000000eab00000, 0x00000000ecd00000, 0x0000000100000000)
  eden space 30720K, 98% used [0x00000000eab00000,0x00000000ec8915a0,0x00000000ec900000)
  from space 2048K, 95% used [0x00000000ecb00000,0x00000000ecce9508,0x00000000ecd00000)
  to   space 2048K, 0% used [0x00000000ec900000,0x00000000ec900000,0x00000000ecb00000)
 ParOldGen       total 39936K, used 8267K [0x00000000c0000000, 0x00000000c2700000, 0x00000000eab00000)
  object space 39936K, 20% used [0x00000000c0000000,0x00000000c0812e28,0x00000000c2700000)
 Metaspace       used 6876K, capacity 7320K, committed 7424K, reserved 1056768K
  class space    used 696K, capacity 720K, committed 768K, reserved 1048576K
Event: 2.950 GC heap after
Heap after GC invocations=3 (full 0):
 PSYoungGen      total 32768K, used 2033K [0x00000000eab00000, 0x00000000eeb00000, 0x0000000100000000)
  eden space 30720K, 0% used [0x00000000eab00000,0x00000000eab00000,0x00000000ec900000)
  from space 2048K, 99% used [0x00000000ec900000,0x00000000ecafc6b8,0x00000000ecb00000)
  to   space 2048K, 0% used [0x00000000ee900000,0x00000000ee900000,0x00000000eeb00000)
 ParOldGen       total 39936K, used 13984K [0x00000000c0000000, 0x00000000c2700000, 0x00000000eab00000)
  object space 39936K, 35% used [0x00000000c0000000,0x00000000c0da8238,0x00000000c2700000)
 Metaspace       used 6876K, capacity 7320K, committed 7424K, reserved 1056768K
  class space    used 696K, capacity 720K, committed 768K, reserved 1048576K
}
Event: 3.069 GC heap before
{Heap before GC invocations=4 (full 0):
 PSYoungGen      total 32768K, used 32753K [0x00000000eab00000, 0x00000000eeb00000, 0x0000000100000000)
  eden space 30720K, 100% used [0x00000000eab00000,0x00000000ec900000,0x00000000ec900000)
  from space 2048K, 99% used [0x00000000ec900000,0x00000000ecafc6b8,0x00000000ecb00000)
  to   space 2048K, 0% used [0x00000000ee900000,0x00000000ee900000,0x00000000eeb00000)
 ParOldGen       total 39936K, used 13984K [0x00000000c0000000, 0x00000000c2700000, 0x00000000eab00000)
  object space 39936K, 35% used [0x00000000c0000000,0x00000000c0da8238,0x00000000c2700000)
 Metaspace       used 6898K, capacity 7320K, committed 7424K, reserved 1056768K
  class space    used 696K, capacity 720K, committed 768K, reserved 1048576K
Event: 3.118 GC heap after
Heap after GC invocations=4 (full 0):
 PSYoungGen      total 63488K, used 2032K [0x00000000eab00000, 0x00000000eeb00000, 0x0000000100000000)
  eden space 61440K, 0% used [0x00000000eab00000,0x00000000eab00000,0x00000000ee700000)
  from space 2048K, 99% used [0x00000000ee900000,0x00000000eeafc028,0x00000000eeb00000)
  to   space 2048K, 0% used [0x00000000ee700000,0x00000000ee700000,0x00000000ee900000)
 ParOldGen       total 47104K, used 46161K [0x00000000c0000000, 0x00000000c2e00000, 0x00000000eab00000)
  object space 47104K, 97% used [0x00000000c0000000,0x00000000c2d146a0,0x00000000c2e00000)
 Metaspace       used 6898K, capacity 7320K, committed 7424K, reserved 1056768K
  class space    used 696K, capacity 720K, committed 768K, reserved 1048576K
}
Event: 3.118 GC heap before
{Heap before GC invocations=5 (full 1):
 PSYoungGen      total 63488K, used 2032K [0x00000000eab00000, 0x00000000eeb00000, 0x0000000100000000)
  eden space 61440K, 0% used [0x00000000eab00000,0x00000000eab00000,0x00000000ee700000)
  from space 2048K, 99% used [0x00000000ee900000,0x00000000eeafc028,0x00000000eeb00000)
  to   space 2048K, 0% used [0x00000000ee700000,0x00000000ee700000,0x00000000ee900000)
 ParOldGen       total 47104K, used 46161K [0x00000000c0000000, 0x00000000c2e00000, 0x00000000eab00000)
  object space 47104K, 97% used [0x00000000c0000000,0x00000000c2d146a0,0x00000000c2e00000)
 Metaspace       used 6898K, capacity 7320K, committed 7424K, reserved 1056768K
  class space    used 696K, capacity 720K, committed 768K, reserved 1048576K
Event: 3.411 GC heap after
Heap after GC invocations=5 (full 1):
 PSYoungGen      total 63488K, used 0K [0x00000000eab00000, 0x00000000eeb00000, 0x0000000100000000)
  eden space 61440K, 0% used [0x00000000eab00000,0x00000000eab00000,0x00000000ee700000)
  from space 2048K, 0% used [0x00000000ee900000,0x00000000ee900000,0x00000000eeb00000)
  to   space 2048K, 0% used [0x00000000ee700000,0x00000000ee700000,0x00000000ee900000)
 ParOldGen       total 70144K, used 18235K [0x00000000c0000000, 0x00000000c4480000, 0x00000000eab00000)
  object space 70144K, 25% used [0x00000000c0000000,0x00000000c11cee38,0x00000000c4480000)
 Metaspace       used 6898K, capacity 7320K, committed 7424K, reserved 1056768K
  class space    used 696K, capacity 720K, committed 768K, reserved 1048576K
}
Event: 3.636 GC heap before
{Heap before GC invocations=6 (full 1):
 PSYoungGen      total 63488K, used 61440K [0x00000000eab00000, 0x00000000eeb00000, 0x0000000100000000)
  eden space 61440K, 100% used [0x00000000eab00000,0x00000000ee700000,0x00000000ee700000)
  from space 2048K, 0% used [0x00000000ee900000,0x00000000ee900000,0x00000000eeb00000)
  to   space 2048K, 0% used [0x00000000ee700000,0x00000000ee700000,0x00000000ee900000)
 ParOldGen       total 70144K, used 18235K [0x00000000c0000000, 0x00000000c4480000, 0x00000000eab00000)
  object space 70144K, 25% used [0x00000000c0000000,0x00000000c11cee38,0x00000000c4480000)
 Metaspace       used 6936K, capacity 7384K, committed 7680K, reserved 1056768K
  class space    used 697K, capacity 720K, committed 768K, reserved 1048576K

